Open SystemVerilog file "tb_completer.sv"
  Open include file  "apb_completer.sv" from "tb_completer.sv"(3)
  Close include file "apb_completer.sv"; continuing at "tb_completer.sv"(3)
  Open include file  "apb_if.sv" from "tb_completer.sv"(6)
  Close include file "apb_if.sv"; continuing at "tb_completer.sv"(6)
  Open include file  "bus_protocol_if.sv" from "tb_completer.sv"(7)
  Close include file "bus_protocol_if.sv"; continuing at "tb_completer.sv"(7)
  Open include file  "apb_test.svh" from "tb_completer.sv"(10)
    Open include file  "/package/eda/mg/questa10.6b/questasim/uvm-1.2/../verilog_src/uvm-1.2/src/uvm_macros.svh" from "apb_test.svh"(2)
      Open include file  "/package/eda/mg/questa10.6b/questasim/uvm-1.2/../verilog_src/uvm-1.2/src/macros/uvm_version_defines.svh" from "/package/eda/mg/questa10.6b/questasim/uvm-1.2/../verilog_src/uvm-1.2/src/uvm_macros.svh"(69)
      Close include file "/package/eda/mg/questa10.6b/questasim/uvm-1.2/../verilog_src/uvm-1.2/src/macros/uvm_version_defines.svh"; continuing at "/package/eda/mg/questa10.6b/questasim/uvm-1.2/../verilog_src/uvm-1.2/src/uvm_macros.svh"(69)
      Open include file  "/package/eda/mg/questa10.6b/questasim/uvm-1.2/../verilog_src/uvm-1.2/src/macros/uvm_global_defines.svh" from "/package/eda/mg/questa10.6b/questasim/uvm-1.2/../verilog_src/uvm-1.2/src/uvm_macros.svh"(70)
      Close include file "/package/eda/mg/questa10.6b/questasim/uvm-1.2/../verilog_src/uvm-1.2/src/macros/uvm_global_defines.svh"; continuing at "/package/eda/mg/questa10.6b/questasim/uvm-1.2/../verilog_src/uvm-1.2/src/uvm_macros.svh"(70)
      Open include file  "/package/eda/mg/questa10.6b/questasim/uvm-1.2/../verilog_src/uvm-1.2/src/macros/uvm_message_defines.svh" from "/package/eda/mg/questa10.6b/questasim/uvm-1.2/../verilog_src/uvm-1.2/src/uvm_macros.svh"(71)
      Close include file "/package/eda/mg/questa10.6b/questasim/uvm-1.2/../verilog_src/uvm-1.2/src/macros/uvm_message_defines.svh"; continuing at "/package/eda/mg/questa10.6b/questasim/uvm-1.2/../verilog_src/uvm-1.2/src/uvm_macros.svh"(71)
      Open include file  "/package/eda/mg/questa10.6b/questasim/uvm-1.2/../verilog_src/uvm-1.2/src/macros/uvm_phase_defines.svh" from "/package/eda/mg/questa10.6b/questasim/uvm-1.2/../verilog_src/uvm-1.2/src/uvm_macros.svh"(72)
      Close include file "/package/eda/mg/questa10.6b/questasim/uvm-1.2/../verilog_src/uvm-1.2/src/macros/uvm_phase_defines.svh"; continuing at "/package/eda/mg/questa10.6b/questasim/uvm-1.2/../verilog_src/uvm-1.2/src/uvm_macros.svh"(72)
      Open include file  "/package/eda/mg/questa10.6b/questasim/uvm-1.2/../verilog_src/uvm-1.2/src/macros/uvm_object_defines.svh" from "/package/eda/mg/questa10.6b/questasim/uvm-1.2/../verilog_src/uvm-1.2/src/uvm_macros.svh"(73)
      Close include file "/package/eda/mg/questa10.6b/questasim/uvm-1.2/../verilog_src/uvm-1.2/src/macros/uvm_object_defines.svh"; continuing at "/package/eda/mg/questa10.6b/questasim/uvm-1.2/../verilog_src/uvm-1.2/src/uvm_macros.svh"(73)
      Open include file  "/package/eda/mg/questa10.6b/questasim/uvm-1.2/../verilog_src/uvm-1.2/src/macros/uvm_printer_defines.svh" from "/package/eda/mg/questa10.6b/questasim/uvm-1.2/../verilog_src/uvm-1.2/src/uvm_macros.svh"(74)
      Close include file "/package/eda/mg/questa10.6b/questasim/uvm-1.2/../verilog_src/uvm-1.2/src/macros/uvm_printer_defines.svh"; continuing at "/package/eda/mg/questa10.6b/questasim/uvm-1.2/../verilog_src/uvm-1.2/src/uvm_macros.svh"(74)
      Open include file  "/package/eda/mg/questa10.6b/questasim/uvm-1.2/../verilog_src/uvm-1.2/src/macros/uvm_tlm_defines.svh" from "/package/eda/mg/questa10.6b/questasim/uvm-1.2/../verilog_src/uvm-1.2/src/uvm_macros.svh"(75)
        Open include file  "/package/eda/mg/questa10.6b/questasim/uvm-1.2/../verilog_src/uvm-1.2/src/tlm1/uvm_tlm_imps.svh" from "/package/eda/mg/questa10.6b/questasim/uvm-1.2/../verilog_src/uvm-1.2/src/macros/uvm_tlm_defines.svh"(616)
        Close include file "/package/eda/mg/questa10.6b/questasim/uvm-1.2/../verilog_src/uvm-1.2/src/tlm1/uvm_tlm_imps.svh"; continuing at "/package/eda/mg/questa10.6b/questasim/uvm-1.2/../verilog_src/uvm-1.2/src/macros/uvm_tlm_defines.svh"(616)
      Close include file "/package/eda/mg/questa10.6b/questasim/uvm-1.2/../verilog_src/uvm-1.2/src/macros/uvm_tlm_defines.svh"; continuing at "/package/eda/mg/questa10.6b/questasim/uvm-1.2/../verilog_src/uvm-1.2/src/uvm_macros.svh"(75)
      Open include file  "/package/eda/mg/questa10.6b/questasim/uvm-1.2/../verilog_src/uvm-1.2/src/macros/uvm_sequence_defines.svh" from "/package/eda/mg/questa10.6b/questasim/uvm-1.2/../verilog_src/uvm-1.2/src/uvm_macros.svh"(76)
      Close include file "/package/eda/mg/questa10.6b/questasim/uvm-1.2/../verilog_src/uvm-1.2/src/macros/uvm_sequence_defines.svh"; continuing at "/package/eda/mg/questa10.6b/questasim/uvm-1.2/../verilog_src/uvm-1.2/src/uvm_macros.svh"(76)
      Open include file  "/package/eda/mg/questa10.6b/questasim/uvm-1.2/../verilog_src/uvm-1.2/src/macros/uvm_callback_defines.svh" from "/package/eda/mg/questa10.6b/questasim/uvm-1.2/../verilog_src/uvm-1.2/src/uvm_macros.svh"(77)
      Close include file "/package/eda/mg/questa10.6b/questasim/uvm-1.2/../verilog_src/uvm-1.2/src/macros/uvm_callback_defines.svh"; continuing at "/package/eda/mg/questa10.6b/questasim/uvm-1.2/../verilog_src/uvm-1.2/src/uvm_macros.svh"(77)
      Open include file  "/package/eda/mg/questa10.6b/questasim/uvm-1.2/../verilog_src/uvm-1.2/src/macros/uvm_reg_defines.svh" from "/package/eda/mg/questa10.6b/questasim/uvm-1.2/../verilog_src/uvm-1.2/src/uvm_macros.svh"(78)
      Close include file "/package/eda/mg/questa10.6b/questasim/uvm-1.2/../verilog_src/uvm-1.2/src/macros/uvm_reg_defines.svh"; continuing at "/package/eda/mg/questa10.6b/questasim/uvm-1.2/../verilog_src/uvm-1.2/src/uvm_macros.svh"(78)
      Open include file  "/package/eda/mg/questa10.6b/questasim/uvm-1.2/../verilog_src/uvm-1.2/src/macros/uvm_deprecated_defines.svh" from "/package/eda/mg/questa10.6b/questasim/uvm-1.2/../verilog_src/uvm-1.2/src/uvm_macros.svh"(79)
      Close include file "/package/eda/mg/questa10.6b/questasim/uvm-1.2/../verilog_src/uvm-1.2/src/macros/uvm_deprecated_defines.svh"; continuing at "/package/eda/mg/questa10.6b/questasim/uvm-1.2/../verilog_src/uvm-1.2/src/uvm_macros.svh"(79)
    Close include file "/package/eda/mg/questa10.6b/questasim/uvm-1.2/../verilog_src/uvm-1.2/src/uvm_macros.svh"; continuing at "apb_test.svh"(2)
    Open include file  "apb_environment.svh" from "apb_test.svh"(3)
      Open include file  "/package/eda/mg/questa10.6b/questasim/uvm-1.2/../verilog_src/uvm-1.2/src/uvm_macros.svh" from "apb_environment.svh"(3)
      Close include file "/package/eda/mg/questa10.6b/questasim/uvm-1.2/../verilog_src/uvm-1.2/src/uvm_macros.svh"; continuing at "apb_environment.svh"(3)
      Open include file  "apb_agent.svh" from "apb_environment.svh"(4)
        Open include file  "/package/eda/mg/questa10.6b/questasim/uvm-1.2/../verilog_src/uvm-1.2/src/uvm_macros.svh" from "apb_agent.svh"(2)
        Close include file "/package/eda/mg/questa10.6b/questasim/uvm-1.2/../verilog_src/uvm-1.2/src/uvm_macros.svh"; continuing at "apb_agent.svh"(2)
        Open include file  "apb_sequence.svh" from "apb_agent.svh"(3)
          Open include file  "/package/eda/mg/questa10.6b/questasim/uvm-1.2/../verilog_src/uvm-1.2/src/uvm_macros.svh" from "apb_sequence.svh"(3)
          Close include file "/package/eda/mg/questa10.6b/questasim/uvm-1.2/../verilog_src/uvm-1.2/src/uvm_macros.svh"; continuing at "apb_sequence.svh"(3)
          Open include file  "apb_transaction.svh" from "apb_sequence.svh"(4)
            Open include file  "/package/eda/mg/questa10.6b/questasim/uvm-1.2/../verilog_src/uvm-1.2/src/uvm_macros.svh" from "apb_transaction.svh"(6)
            Close include file "/package/eda/mg/questa10.6b/questasim/uvm-1.2/../verilog_src/uvm-1.2/src/uvm_macros.svh"; continuing at "apb_transaction.svh"(6)
          Close include file "apb_transaction.svh"; continuing at "apb_sequence.svh"(4)
        Close include file "apb_sequence.svh"; continuing at "apb_agent.svh"(3)
        Open include file  "apb_driver.svh" from "apb_agent.svh"(4)
          Open include file  "/package/eda/mg/questa10.6b/questasim/uvm-1.2/../verilog_src/uvm-1.2/src/uvm_macros.svh" from "apb_driver.svh"(3)
          Close include file "/package/eda/mg/questa10.6b/questasim/uvm-1.2/../verilog_src/uvm-1.2/src/uvm_macros.svh"; continuing at "apb_driver.svh"(3)
        Close include file "apb_driver.svh"; continuing at "apb_agent.svh"(4)
        Open include file  "apb_monitor.svh" from "apb_agent.svh"(5)
          Open include file  "/package/eda/mg/questa10.6b/questasim/uvm-1.2/../verilog_src/uvm-1.2/src/uvm_macros.svh" from "apb_monitor.svh"(3)
          Close include file "/package/eda/mg/questa10.6b/questasim/uvm-1.2/../verilog_src/uvm-1.2/src/uvm_macros.svh"; continuing at "apb_monitor.svh"(3)
        Close include file "apb_monitor.svh"; continuing at "apb_agent.svh"(5)
      Close include file "apb_agent.svh"; continuing at "apb_environment.svh"(4)
      Open include file  "apb_comparator.svh" from "apb_environment.svh"(5)
        Open include file  "/package/eda/mg/questa10.6b/questasim/uvm-1.2/../verilog_src/uvm-1.2/src/uvm_macros.svh" from "apb_comparator.svh"(2)
        Close include file "/package/eda/mg/questa10.6b/questasim/uvm-1.2/../verilog_src/uvm-1.2/src/uvm_macros.svh"; continuing at "apb_comparator.svh"(2)
      Close include file "apb_comparator.svh"; continuing at "apb_environment.svh"(5)
      Open include file  "apb_predictor.svh" from "apb_environment.svh"(6)
        Open include file  "/package/eda/mg/questa10.6b/questasim/uvm-1.2/../verilog_src/uvm-1.2/src/uvm_macros.svh" from "apb_predictor.svh"(2)
        Close include file "/package/eda/mg/questa10.6b/questasim/uvm-1.2/../verilog_src/uvm-1.2/src/uvm_macros.svh"; continuing at "apb_predictor.svh"(2)
        Open include file  "apb_transaction.svh" from "apb_predictor.svh"(3)
        Close include file "apb_transaction.svh"; continuing at "apb_predictor.svh"(3)
      Close include file "apb_predictor.svh"; continuing at "apb_environment.svh"(6)
      Open include file  "apb_transaction.svh" from "apb_environment.svh"(7)
      Close include file "apb_transaction.svh"; continuing at "apb_environment.svh"(7)
    Close include file "apb_environment.svh"; continuing at "apb_test.svh"(3)
  Close include file "apb_test.svh"; continuing at "tb_completer.sv"(10)
Close file "tb_completer.sv"
